/usr/local/lib/python3.5/site-packages/flask_sqlalchemy/__init__.py:800: UserWarning: SQLALCHEMY_TRACK_MODIFICATIONS adds significant overhead and will be disabled by default in the future.  Set it to True to suppress this warning.
  warnings.warn('SQLALCHEMY_TRACK_MODIFICATIONS adds significant overhead and will be disabled by default in the future.  Set it to True to suppress this warning.')
...........E..
======================================================================
ERROR: test_financial_org_constructor_1 (__main__.TestFinancialOrg)
----------------------------------------------------------------------
Traceback (most recent call last):
  File "startupfairy/tests.py", line 207, in test_financial_org_constructor_1
    self.assertEqual(example1.people, "people")
AttributeError: 'FinancialOrg' object has no attribute 'people'

----------------------------------------------------------------------
Ran 14 tests in 0.071s

FAILED (errors=1)
